Using pre-set license
Built from '2021.1/staging' branch; Version is '2021.1.7f1 (d91830b65d9b) revision 14227504'; Using compiler version '192528614'; Build Type 'Release'
OS: 'Windows 10 Pro; OS build 19044.1889; Version 2009; 64bit' Language: 'ja' Physical Memory: 16304 MB
BatchMode: 1, IsHumanControllingUs: 0, StartBugReporterOnCrash: 0, Is64bit: 1, IsPro: 0

 COMMAND LINE ARGUMENTS:
C:\Program Files\Unity\Hub\Editor\2021.1.7f1\Editor\Unity.exe
-adb2
-batchMode
-noUpm
-name
AssetImportWorker0
-projectPath
C:/Users/s20207015.STD/Desktop/Pachinko
-logFile
Logs/AssetImportWorker0.log
-srvPort
54151
Successfully changed project path to: C:/Users/s20207015.STD/Desktop/Pachinko
C:/Users/s20207015.STD/Desktop/Pachinko
Using Asset Import Pipeline V2.
Refreshing native plugins compatible for Editor in 84.84 ms, found 1 plugins.
Preloading 0 native plugins for Editor in 0.00 ms.
Initialize engine version: 2021.1.7f1 (d91830b65d9b)
[Subsystems] Discovering subsystems at path C:/Program Files/Unity/Hub/Editor/2021.1.7f1/Editor/Data/Resources/UnitySubsystems
[Subsystems] Discovering subsystems at path C:/Users/s20207015.STD/Desktop/Pachinko/Assets
GfxDevice: creating device client; threaded=0; jobified=0
Direct3D:
    Version:  Direct3D 11.0 [level 11.1]
    Renderer: NVIDIA GeForce RTX 2060 SUPER (ID=0x1f06)
    Vendor:   NVIDIA
    VRAM:     8031 MB
    Driver:   31.0.15.1659
Shader 'Universal Render Pipeline/Particles/Lit': fallback shader 'Universal Render Pipeline/Particles/SimpleLit' not found
Initialize mono
Mono path[0] = 'C:/Program Files/Unity/Hub/Editor/2021.1.7f1/Editor/Data/Managed'
Mono path[1] = 'C:/Program Files/Unity/Hub/Editor/2021.1.7f1/Editor/Data/MonoBleedingEdge/lib/mono/unityjit'
Mono config path = 'C:/Program Files/Unity/Hub/Editor/2021.1.7f1/Editor/Data/MonoBleedingEdge/etc'
Using monoOptions --debugger-agent=transport=dt_socket,embedding=1,server=y,suspend=n,address=127.0.0.1:56636
Begin MonoManager ReloadAssembly
Registering precompiled unity dll's ...
Register platform support module: C:/Program Files/Unity/Hub/Editor/2021.1.7f1/Editor/Data/PlaybackEngines/WindowsStandaloneSupport/UnityEditor.WindowsStandalone.Extensions.dll
Registered in 0.001508 seconds.
Native extension for WindowsStandalone target not found
Refreshing native plugins compatible for Editor in 91.18 ms, found 1 plugins.
Preloading 0 native plugins for Editor in 0.00 ms.
Mono: successfully reloaded assembly
- Completed reload, in  0.918 seconds
Platform modules already initialized, skipping
Registering precompiled user dll's ...
Registered in 0.002119 seconds.
Begin MonoManager ReloadAssembly
Symbol file LoadedFromMemory doesn't match image C:\Users\s20207015.STD\Desktop\Pachinko\Library\PackageCache\com.unity.visualscripting@1.6.1\Editor\VisualScripting.Core\Dependencies\YamlDotNet\Unity.VisualScripting.YamlDotNet.dll
Symbol file LoadedFromMemory doesn't match image C:\Users\s20207015.STD\Desktop\Pachinko\Library\PackageCache\com.unity.visualscripting@1.6.1\Editor\VisualScripting.Core\Dependencies\DotNetZip\Unity.VisualScripting.IonicZip.dll
Native extension for WindowsStandalone target not found
Refreshing native plugins compatible for Editor in 88.68 ms, found 1 plugins.
Preloading 0 native plugins for Editor in 0.00 ms.
Mono: successfully reloaded assembly
- Completed reload, in  0.971 seconds
Platform modules already initialized, skipping
========================================================================
Worker process is ready to serve import requests
Shader 'Universal Render Pipeline/Particles/Lit': fallback shader 'Universal Render Pipeline/Particles/SimpleLit' not found
Launched and connected shader compiler UnityShaderCompiler.exe after 0.03 seconds
Refreshing native plugins compatible for Editor in 0.68 ms, found 1 plugins.
Preloading 0 native plugins for Editor in 0.00 ms.
Unloading 4245 Unused Serialized files (Serialized files now loaded: 0)
System memory in use before: 165.4 MB.
System memory in use after: 165.6 MB.

Unloading 16 unused Assets to reduce memory usage. Loaded Objects now: 4706.
Total: 2.714400 ms (FindLiveObjects: 0.384900 ms CreateObjectMapping: 0.196500 ms MarkObjects: 2.047900 ms  DeleteObjects: 0.084000 ms)

========================================================================
Received Import Request.
  path: Assets/Script/BallGenerate.cs
  artifactKey: Guid(c4c20f53baa11034ab1a9fd24e16be3c) Importer(815301076,1909f56bfc062723c751e8b465ee728b)
Start importing Assets/Script/BallGenerate.cs using Guid(c4c20f53baa11034ab1a9fd24e16be3c) Importer(815301076,1909f56bfc062723c751e8b465ee728b)  -> (artifact id: 'f1008260a6b142282ed11afa48a4cfc0') in 0.015639 seconds 
========================================================================
Received Import Request.
  Time since last request: 13.488712 seconds.
  path: Assets/Script/BallGenerate.cs
  artifactKey: Guid(c4c20f53baa11034ab1a9fd24e16be3c) Importer(815301076,1909f56bfc062723c751e8b465ee728b)
Start importing Assets/Script/BallGenerate.cs using Guid(c4c20f53baa11034ab1a9fd24e16be3c) Importer(815301076,1909f56bfc062723c751e8b465ee728b)  -> (artifact id: '00000000000000000000000000000000') in 0.000238 seconds  code(4) message(Build asset version error: assets/script/ballgenerate.cs in SourceAssetDB has modification time of '2022-11-25T07:24:16.7176388Z' while content on disk has modification time of '2022-11-25T07:24:16.9280462Z')
  ERROR: Build asset version error: assets/script/ballgenerate.cs in SourceAssetDB has modification time of '2022-11-25T07:24:16.7176388Z' while content on disk has modification time of '2022-11-25T07:24:16.9280462Z'
========================================================================
Received Prepare
Registering precompiled user dll's ...
Registered in 0.002046 seconds.
Begin MonoManager ReloadAssembly
Symbol file LoadedFromMemory doesn't match image C:\Users\s20207015.STD\Desktop\Pachinko\Library\PackageCache\com.unity.visualscripting@1.6.1\Editor\VisualScripting.Core\Dependencies\YamlDotNet\Unity.VisualScripting.YamlDotNet.dll
Symbol file LoadedFromMemory doesn't match image C:\Users\s20207015.STD\Desktop\Pachinko\Library\PackageCache\com.unity.visualscripting@1.6.1\Editor\VisualScripting.Core\Dependencies\DotNetZip\Unity.VisualScripting.IonicZip.dll
Native extension for WindowsStandalone target not found
Refreshing native plugins compatible for Editor in 0.63 ms, found 1 plugins.
Preloading 0 native plugins for Editor in 0.00 ms.
Mono: successfully reloaded assembly
- Completed reload, in  0.818 seconds
Platform modules already initialized, skipping
Shader 'Universal Render Pipeline/Particles/Lit': fallback shader 'Universal Render Pipeline/Particles/SimpleLit' not found
Refreshing native plugins compatible for Editor in 0.65 ms, found 1 plugins.
Preloading 0 native plugins for Editor in 0.00 ms.
Unloading 4182 Unused Serialized files (Serialized files now loaded: 0)
System memory in use before: 160.0 MB.
System memory in use after: 160.2 MB.

Unloading 9 unused Assets to reduce memory usage. Loaded Objects now: 4709.
Total: 2.497800 ms (FindLiveObjects: 0.283900 ms CreateObjectMapping: 0.187700 ms MarkObjects: 1.971100 ms  DeleteObjects: 0.054200 ms)

AssetImportWorkerClient::OnTransportError - code=2 error=End of file
